<!DOCTYPE html>

<html>
  <head>
  <meta charset='utf-8'>
  <title>TestNG reports</title>

    <link type="text/css" href="testng-reports1.css" rel="stylesheet" id="ultra" />
    <link type="text/css" href="testng-reports.css" rel="stylesheet" id="retro" disabled="false"/>
    <script type="text/javascript" src="jquery.min.js"></script>
    <script type="text/javascript" src="testng-reports.js"></script>
    <script type="text/javascript" src="https://www.google.com/jsapi"></script>
    <script type='text/javascript'>
      google.load('visualization', '1', {packages:['table']});
      google.setOnLoadCallback(drawTable);
      var suiteTableInitFunctions = new Array();
      var suiteTableData = new Array();
    </script>
    <!--
      <script type="text/javascript" src="jquery-ui/js/jquery-ui-1.8.16.custom.min.js"></script>
     -->
  </head>

  <body>
    <div class="top-banner-root">
      <span class="top-banner-title-font">Test results</span>
      <button class="button" id="button">Switch Retro Theme</button> <!-- button -->
      <br/>
      <span class="top-banner-font-1">1 suite, 7 failed tests</span>
    </div> <!-- top-banner-root -->
    <div class="navigator-root">
      <div class="navigator-suite-header">
        <span>All suites</span>
        <a href="#" class="collapse-all-link" title="Collapse/expand all the suites">
          <img class="collapse-all-icon" src="collapseall.gif">
          </img> <!-- collapse-all-icon -->
        </a> <!-- collapse-all-link -->
      </div> <!-- navigator-suite-header -->
      <div class="suite">
        <div class="rounded-window">
          <div class="suite-header light-rounded-window-top">
            <a href="#" class="navigator-link" panel-name="suite-testsuite">
              <span class="suite-name border-failed">testsuite</span>
            </a> <!-- navigator-link -->
          </div> <!-- suite-header light-rounded-window-top -->
          <div class="navigator-suite-content">
            <div class="suite-section-title">
              <span>Info</span>
            </div> <!-- suite-section-title -->
            <div class="suite-section-content">
              <ul>
                <li>
                  <a href="#" class="navigator-link " panel-name="test-xml-testsuite">
                    <span>C:\Users\sonal\IdeaProjects\cv-library-uk2\src\test\java\resources\runners\testng.xml</span>
                  </a> <!-- navigator-link  -->
                </li>
                <li>
                  <a href="#" class="navigator-link " panel-name="testlist-testsuite">
                    <span class="test-stats">1 test</span>
                  </a> <!-- navigator-link  -->
                </li>
                <li>
                  <a href="#" class="navigator-link " panel-name="group-testsuite">
                    <span>0 groups</span>
                  </a> <!-- navigator-link  -->
                </li>
                <li>
                  <a href="#" class="navigator-link " panel-name="times-testsuite">
                    <span>Times</span>
                  </a> <!-- navigator-link  -->
                </li>
                <li>
                  <a href="#" class="navigator-link " panel-name="reporter-testsuite">
                    <span>Reporter output</span>
                  </a> <!-- navigator-link  -->
                </li>
                <li>
                  <a href="#" class="navigator-link " panel-name="ignored-methods-testsuite">
                    <span>Ignored methods</span>
                  </a> <!-- navigator-link  -->
                </li>
                <li>
                  <a href="#" class="navigator-link " panel-name="chronological-testsuite">
                    <span>Chronological view</span>
                  </a> <!-- navigator-link  -->
                </li>
              </ul>
            </div> <!-- suite-section-content -->
            <div class="result-section">
              <div class="suite-section-title">
                <span>Results</span>
              </div> <!-- suite-section-title -->
              <div class="suite-section-content">
                <ul>
                  <li>
                    <span class="method-stats">7 methods, 7 failed,   </span>
                  </li>
                  <li>
                    <span class="method-list-title failed">Failed methods</span>
                    <span class="show-or-hide-methods failed">
                      <a href="#" panel-name="suite-testsuite" class="hide-methods failed suite-testsuite"> (hide)</a> <!-- hide-methods failed suite-testsuite -->
                      <a href="#" panel-name="suite-testsuite" class="show-methods failed suite-testsuite"> (show)</a> <!-- show-methods failed suite-testsuite -->
                    </span>
                    <div class="method-list-content failed suite-testsuite">
                      <span>
                        <img width="3%" src="failed.png"/>
                        <a href="#" class="method navigator-link" panel-name="suite-testsuite" title="uk.co.library.testsuite.JobSearchTest" hash-for-method="verifyJobSearchResultUsingDifferentDataSet(Tester, Watford, Hertfordshire, up to 5 miles, 40000, 60000, Per annum, Contract, Contract Tester jo...)">verifyJobSearchResultUsingDifferentDataSet(Tester, Watford, Hertfordshire, up to 5 miles, 40000, 60000, Per annum, Contract, Contract Tester jo...)</a> <!-- method navigator-link -->
                      </span>
                      <br/>
                      <span>
                        <img width="3%" src="failed.png"/>
                        <a href="#" class="method navigator-link" panel-name="suite-testsuite" title="uk.co.library.testsuite.JobSearchTest" hash-for-method="verifyJobSearchResultUsingDifferentDataSet(Research Scientist, SS12 0NY, up to 10 miles, 400, 500, Per day, Contract, Contract Research Scienti...)">verifyJobSearchResultUsingDifferentDataSet(Research Scientist, SS12 0NY, up to 10 miles, 400, 500, Per day, Contract, Contract Research Scienti...)</a> <!-- method navigator-link -->
                      </span>
                      <br/>
                      <span>
                        <img width="3%" src="failed.png"/>
                        <a href="#" class="method navigator-link" panel-name="suite-testsuite" title="uk.co.library.testsuite.JobSearchTest" hash-for-method="verifyJobSearchResultUsingDifferentDataSet(Software Automation Tester, Harrow, up to 15 miles, 30000, 50000, Per annum, Contract, Contract Soft...)">verifyJobSearchResultUsingDifferentDataSet(Software Automation Tester, Harrow, up to 15 miles, 30000, 50000, Per annum, Contract, Contract Soft...)</a> <!-- method navigator-link -->
                      </span>
                      <br/>
                      <span>
                        <img width="3%" src="failed.png"/>
                        <a href="#" class="method navigator-link" panel-name="suite-testsuite" title="uk.co.library.testsuite.JobSearchTest" hash-for-method="verifyJobSearchResultUsingDifferentDataSet(Automation Tester, HA1 1AB, up to 10 miles, 300, 400, Per day, Contract, Contract Automation Tester ...)">verifyJobSearchResultUsingDifferentDataSet(Automation Tester, HA1 1AB, up to 10 miles, 300, 400, Per day, Contract, Contract Automation Tester ...)</a> <!-- method navigator-link -->
                      </span>
                      <br/>
                      <span>
                        <img width="3%" src="failed.png"/>
                        <a href="#" class="method navigator-link" panel-name="suite-testsuite" title="uk.co.library.testsuite.JobSearchTest" hash-for-method="verifyJobSearchResultUsingDifferentDataSet(Tester, Harrow, up to 5 miles, 30000, 500000, Per annum, Permanent, Permanent Tester jobs in Harrow ...)">verifyJobSearchResultUsingDifferentDataSet(Tester, Harrow, up to 5 miles, 30000, 500000, Per annum, Permanent, Permanent Tester jobs in Harrow ...)</a> <!-- method navigator-link -->
                      </span>
                      <br/>
                      <span>
                        <img width="3%" src="failed.png"/>
                        <a href="#" class="method navigator-link" panel-name="suite-testsuite" title="uk.co.library.testsuite.JobSearchTest" hash-for-method="verifyJobSearchResultUsingDifferentDataSet(Retail Manager, Horley, up to 25 miles, 30000, 50000, Per annum, Permanent, Permanent Retail Manager...)">verifyJobSearchResultUsingDifferentDataSet(Retail Manager, Horley, up to 25 miles, 30000, 50000, Per annum, Permanent, Permanent Retail Manager...)</a> <!-- method navigator-link -->
                      </span>
                      <br/>
                      <span>
                        <img width="3%" src="failed.png"/>
                        <a href="#" class="method navigator-link" panel-name="suite-testsuite" title="uk.co.library.testsuite.JobSearchTest" hash-for-method="verifyJobSearchResultUsingDifferentDataSet(Manual Software Tester, West Sussex, up to 7 miles, 30000, 60000, Per annum, Any, Manual Software Te...)">verifyJobSearchResultUsingDifferentDataSet(Manual Software Tester, West Sussex, up to 7 miles, 30000, 60000, Per annum, Any, Manual Software Te...)</a> <!-- method navigator-link -->
                      </span>
                      <br/>
                    </div> <!-- method-list-content failed suite-testsuite -->
                  </li>
                </ul>
              </div> <!-- suite-section-content -->
            </div> <!-- result-section -->
          </div> <!-- navigator-suite-content -->
        </div> <!-- rounded-window -->
      </div> <!-- suite -->
    </div> <!-- navigator-root -->
    <div class="wrapper">
      <div class="main-panel-root">
        <div panel-name="suite-testsuite" class="panel testsuite">
          <div class="suite-testsuite-class-failed">
            <div class="main-panel-header rounded-window-top">
              <img src="failed.png"/>
              <span class="class-name">uk.co.library.testsuite.JobSearchTest</span>
            </div> <!-- main-panel-header rounded-window-top -->
            <div class="main-panel-content rounded-window-bottom">
              <div class="method">
                <div class="method-content">
                  <a name="verifyJobSearchResultUsingDifferentDataSet(Tester, Watford, Hertfordshire, up to 5 miles, 40000, 60000, Per annum, Contract, Contract Tester jo...)">
                  </a> <!-- verifyJobSearchResultUsingDifferentDataSet(Tester, Watford, Hertfordshire, up to 5 miles, 40000, 60000, Per annum, Contract, Contract Tester jo...) -->
                  <span class="method-name">verifyJobSearchResultUsingDifferentDataSet</span>
                  <span class="parameters">(Tester, Watford, Hertfordshire, up to 5 miles, 40000, 60000, Per annum, Contract, Contract Tester jobs in Watford)</span>
                  <div class="stack-trace">org.openqa.selenium.NoSuchElementException: no such element: Unable to locate element: {&quot;method&quot;:&quot;xpath&quot;,&quot;selector&quot;:&quot;//div[@class=&apos;search-header__title&apos;]&quot;}
  (Session info: chrome=101.0.4951.54)
For documentation on this error, please visit: https://selenium.dev/exceptions/#no_such_element
Build info: version: &apos;4.1.4&apos;, revision: &apos;535d840ee2&apos;
System info: host: &apos;LAPTOP-2IGPTO53&apos;, ip: &apos;192.168.0.105&apos;, os.name: &apos;Windows 10&apos;, os.arch: &apos;amd64&apos;, os.version: &apos;10.0&apos;, java.version: &apos;1.8.0_121&apos;
Driver info: org.openqa.selenium.chrome.ChromeDriver
Command: [5aa0999bc37a45c6be6b21c1ab65ebbe, findElement {using=xpath, value=//div[@class=&apos;search-header__title&apos;]}]
Capabilities {acceptInsecureCerts: false, browserName: chrome, browserVersion: 101.0.4951.54, chrome: {chromedriverVersion: 101.0.4951.41 (93c720db8323..., userDataDir: C:\Users\sonal\AppData\Loca...}, goog:chromeOptions: {debuggerAddress: localhost:53354}, javascriptEnabled: true, networkConnectionEnabled: false, pageLoadStrategy: normal, platform: WINDOWS, platformName: WINDOWS, proxy: Proxy(), se:cdp: ws://localhost:53354/devtoo..., se:cdpVersion: 101.0.4951.54, setWindowRect: true, strictFileInteractability: false, timeouts: {implicit: 0, pageLoad: 300000, script: 30000}, unhandledPromptBehavior: dismiss and notify, webauthn:extension:credBlob: true, webauthn:extension:largeBlob: true, webauthn:virtualAuthenticators: true}
Session ID: 5aa0999bc37a45c6be6b21c1ab65ebbe
	at org.openqa.selenium.remote.codec.w3c.W3CHttpResponseCodec.createException(W3CHttpResponseCodec.java:200)
	at org.openqa.selenium.remote.codec.w3c.W3CHttpResponseCodec.decode(W3CHttpResponseCodec.java:133)
	at org.openqa.selenium.remote.codec.w3c.W3CHttpResponseCodec.decode(W3CHttpResponseCodec.java:53)
	at org.openqa.selenium.remote.HttpCommandExecutor.execute(HttpCommandExecutor.java:184)
	at org.openqa.selenium.remote.service.DriverCommandExecutor.invokeExecute(DriverCommandExecutor.java:167)
	at org.openqa.selenium.remote.service.DriverCommandExecutor.execute(DriverCommandExecutor.java:142)
	at org.openqa.selenium.remote.RemoteWebDriver.execute(RemoteWebDriver.java:567)
	at org.openqa.selenium.remote.ElementLocation$ElementFinder$2.findElement(ElementLocation.java:162)
	at org.openqa.selenium.remote.ElementLocation.findElement(ElementLocation.java:60)
	at org.openqa.selenium.remote.RemoteWebDriver.findElement(RemoteWebDriver.java:385)
	at org.openqa.selenium.remote.RemoteWebDriver.findElement(RemoteWebDriver.java:377)
	at org.openqa.selenium.support.pagefactory.DefaultElementLocator.findElement(DefaultElementLocator.java:70)
	at org.openqa.selenium.support.pagefactory.internal.LocatingElementHandler.invoke(LocatingElementHandler.java:39)
	at com.sun.proxy.$Proxy16.getText(Unknown Source)
	at uk.co.library.utility.Utility.getTextFromElement(Utility.java:78)
	at uk.co.library.pages.ResultPage.getSearchResultText(ResultPage.java:23)
	at uk.co.library.pages.ResultPage.verifyTheResults(ResultPage.java:29)
	at uk.co.library.testsuite.JobSearchTest.verifyJobSearchResultUsingDifferentDataSet(JobSearchTest.java:38)
	at java.util.ArrayList.forEach(ArrayList.java:1249)
	at com.intellij.rt.testng.IDEARemoteTestNG.run(IDEARemoteTestNG.java:66)
	at com.intellij.rt.testng.RemoteTestNGStarter.main(RemoteTestNGStarter.java:109)
... Removed 28 stack frames
</div> <!-- stack-trace -->
                </div> <!-- method-content -->
              </div> <!-- method -->
              <div class="method">
                <div class="method-content">
                  <a name="verifyJobSearchResultUsingDifferentDataSet(Research Scientist, SS12 0NY, up to 10 miles, 400, 500, Per day, Contract, Contract Research Scienti...)">
                  </a> <!-- verifyJobSearchResultUsingDifferentDataSet(Research Scientist, SS12 0NY, up to 10 miles, 400, 500, Per day, Contract, Contract Research Scienti...) -->
                  <span class="method-name">verifyJobSearchResultUsingDifferentDataSet</span>
                  <span class="parameters">(Research Scientist, SS12 0NY, up to 10 miles, 400, 500, Per day, Contract, Contract Research Scientist jobs in SS12 0NY)</span>
                  <div class="stack-trace">org.openqa.selenium.NoSuchElementException: no such element: Unable to locate element: {&quot;method&quot;:&quot;xpath&quot;,&quot;selector&quot;:&quot;//div[@class=&apos;search-header__title&apos;]&quot;}
  (Session info: chrome=101.0.4951.54)
For documentation on this error, please visit: https://selenium.dev/exceptions/#no_such_element
Build info: version: &apos;4.1.4&apos;, revision: &apos;535d840ee2&apos;
System info: host: &apos;LAPTOP-2IGPTO53&apos;, ip: &apos;192.168.0.105&apos;, os.name: &apos;Windows 10&apos;, os.arch: &apos;amd64&apos;, os.version: &apos;10.0&apos;, java.version: &apos;1.8.0_121&apos;
Driver info: org.openqa.selenium.chrome.ChromeDriver
Command: [fbe169be97f2182961c88f4d112c2e8d, findElement {using=xpath, value=//div[@class=&apos;search-header__title&apos;]}]
Capabilities {acceptInsecureCerts: false, browserName: chrome, browserVersion: 101.0.4951.54, chrome: {chromedriverVersion: 101.0.4951.41 (93c720db8323..., userDataDir: C:\Users\sonal\AppData\Loca...}, goog:chromeOptions: {debuggerAddress: localhost:53094}, javascriptEnabled: true, networkConnectionEnabled: false, pageLoadStrategy: normal, platform: WINDOWS, platformName: WINDOWS, proxy: Proxy(), se:cdp: ws://localhost:53094/devtoo..., se:cdpVersion: 101.0.4951.54, setWindowRect: true, strictFileInteractability: false, timeouts: {implicit: 0, pageLoad: 300000, script: 30000}, unhandledPromptBehavior: dismiss and notify, webauthn:extension:credBlob: true, webauthn:extension:largeBlob: true, webauthn:virtualAuthenticators: true}
Session ID: fbe169be97f2182961c88f4d112c2e8d
	at org.openqa.selenium.remote.codec.w3c.W3CHttpResponseCodec.createException(W3CHttpResponseCodec.java:200)
	at org.openqa.selenium.remote.codec.w3c.W3CHttpResponseCodec.decode(W3CHttpResponseCodec.java:133)
	at org.openqa.selenium.remote.codec.w3c.W3CHttpResponseCodec.decode(W3CHttpResponseCodec.java:53)
	at org.openqa.selenium.remote.HttpCommandExecutor.execute(HttpCommandExecutor.java:184)
	at org.openqa.selenium.remote.service.DriverCommandExecutor.invokeExecute(DriverCommandExecutor.java:167)
	at org.openqa.selenium.remote.service.DriverCommandExecutor.execute(DriverCommandExecutor.java:142)
	at org.openqa.selenium.remote.RemoteWebDriver.execute(RemoteWebDriver.java:567)
	at org.openqa.selenium.remote.ElementLocation$ElementFinder$2.findElement(ElementLocation.java:162)
	at org.openqa.selenium.remote.ElementLocation.findElement(ElementLocation.java:60)
	at org.openqa.selenium.remote.RemoteWebDriver.findElement(RemoteWebDriver.java:385)
	at org.openqa.selenium.remote.RemoteWebDriver.findElement(RemoteWebDriver.java:377)
	at org.openqa.selenium.support.pagefactory.DefaultElementLocator.findElement(DefaultElementLocator.java:70)
	at org.openqa.selenium.support.pagefactory.internal.LocatingElementHandler.invoke(LocatingElementHandler.java:39)
	at com.sun.proxy.$Proxy16.getText(Unknown Source)
	at uk.co.library.utility.Utility.getTextFromElement(Utility.java:78)
	at uk.co.library.pages.ResultPage.getSearchResultText(ResultPage.java:23)
	at uk.co.library.pages.ResultPage.verifyTheResults(ResultPage.java:29)
	at uk.co.library.testsuite.JobSearchTest.verifyJobSearchResultUsingDifferentDataSet(JobSearchTest.java:38)
	at java.util.ArrayList.forEach(ArrayList.java:1249)
	at com.intellij.rt.testng.IDEARemoteTestNG.run(IDEARemoteTestNG.java:66)
	at com.intellij.rt.testng.RemoteTestNGStarter.main(RemoteTestNGStarter.java:109)
... Removed 28 stack frames
</div> <!-- stack-trace -->
                </div> <!-- method-content -->
              </div> <!-- method -->
              <div class="method">
                <div class="method-content">
                  <a name="verifyJobSearchResultUsingDifferentDataSet(Software Automation Tester, Harrow, up to 15 miles, 30000, 50000, Per annum, Contract, Contract Soft...)">
                  </a> <!-- verifyJobSearchResultUsingDifferentDataSet(Software Automation Tester, Harrow, up to 15 miles, 30000, 50000, Per annum, Contract, Contract Soft...) -->
                  <span class="method-name">verifyJobSearchResultUsingDifferentDataSet</span>
                  <span class="parameters">(Software Automation Tester, Harrow, up to 15 miles, 30000, 50000, Per annum, Contract, Contract Software Automation Tester jobs in Harrow on the Hill)</span>
                  <div class="stack-trace">org.openqa.selenium.NoSuchElementException: no such element: Unable to locate element: {&quot;method&quot;:&quot;xpath&quot;,&quot;selector&quot;:&quot;//div[@class=&apos;search-header__title&apos;]&quot;}
  (Session info: chrome=101.0.4951.54)
For documentation on this error, please visit: https://selenium.dev/exceptions/#no_such_element
Build info: version: &apos;4.1.4&apos;, revision: &apos;535d840ee2&apos;
System info: host: &apos;LAPTOP-2IGPTO53&apos;, ip: &apos;192.168.0.105&apos;, os.name: &apos;Windows 10&apos;, os.arch: &apos;amd64&apos;, os.version: &apos;10.0&apos;, java.version: &apos;1.8.0_121&apos;
Driver info: org.openqa.selenium.chrome.ChromeDriver
Command: [575344507e14a428730f1d82ce7ccd7e, findElement {using=xpath, value=//div[@class=&apos;search-header__title&apos;]}]
Capabilities {acceptInsecureCerts: false, browserName: chrome, browserVersion: 101.0.4951.54, chrome: {chromedriverVersion: 101.0.4951.41 (93c720db8323..., userDataDir: C:\Users\sonal\AppData\Loca...}, goog:chromeOptions: {debuggerAddress: localhost:65057}, javascriptEnabled: true, networkConnectionEnabled: false, pageLoadStrategy: normal, platform: WINDOWS, platformName: WINDOWS, proxy: Proxy(), se:cdp: ws://localhost:65057/devtoo..., se:cdpVersion: 101.0.4951.54, setWindowRect: true, strictFileInteractability: false, timeouts: {implicit: 0, pageLoad: 300000, script: 30000}, unhandledPromptBehavior: dismiss and notify, webauthn:extension:credBlob: true, webauthn:extension:largeBlob: true, webauthn:virtualAuthenticators: true}
Session ID: 575344507e14a428730f1d82ce7ccd7e
	at org.openqa.selenium.remote.codec.w3c.W3CHttpResponseCodec.createException(W3CHttpResponseCodec.java:200)
	at org.openqa.selenium.remote.codec.w3c.W3CHttpResponseCodec.decode(W3CHttpResponseCodec.java:133)
	at org.openqa.selenium.remote.codec.w3c.W3CHttpResponseCodec.decode(W3CHttpResponseCodec.java:53)
	at org.openqa.selenium.remote.HttpCommandExecutor.execute(HttpCommandExecutor.java:184)
	at org.openqa.selenium.remote.service.DriverCommandExecutor.invokeExecute(DriverCommandExecutor.java:167)
	at org.openqa.selenium.remote.service.DriverCommandExecutor.execute(DriverCommandExecutor.java:142)
	at org.openqa.selenium.remote.RemoteWebDriver.execute(RemoteWebDriver.java:567)
	at org.openqa.selenium.remote.ElementLocation$ElementFinder$2.findElement(ElementLocation.java:162)
	at org.openqa.selenium.remote.ElementLocation.findElement(ElementLocation.java:60)
	at org.openqa.selenium.remote.RemoteWebDriver.findElement(RemoteWebDriver.java:385)
	at org.openqa.selenium.remote.RemoteWebDriver.findElement(RemoteWebDriver.java:377)
	at org.openqa.selenium.support.pagefactory.DefaultElementLocator.findElement(DefaultElementLocator.java:70)
	at org.openqa.selenium.support.pagefactory.internal.LocatingElementHandler.invoke(LocatingElementHandler.java:39)
	at com.sun.proxy.$Proxy16.getText(Unknown Source)
	at uk.co.library.utility.Utility.getTextFromElement(Utility.java:78)
	at uk.co.library.pages.ResultPage.getSearchResultText(ResultPage.java:23)
	at uk.co.library.pages.ResultPage.verifyTheResults(ResultPage.java:29)
	at uk.co.library.testsuite.JobSearchTest.verifyJobSearchResultUsingDifferentDataSet(JobSearchTest.java:38)
	at java.util.ArrayList.forEach(ArrayList.java:1249)
	at com.intellij.rt.testng.IDEARemoteTestNG.run(IDEARemoteTestNG.java:66)
	at com.intellij.rt.testng.RemoteTestNGStarter.main(RemoteTestNGStarter.java:109)
... Removed 28 stack frames
</div> <!-- stack-trace -->
                </div> <!-- method-content -->
              </div> <!-- method -->
              <div class="method">
                <div class="method-content">
                  <a name="verifyJobSearchResultUsingDifferentDataSet(Automation Tester, HA1 1AB, up to 10 miles, 300, 400, Per day, Contract, Contract Automation Tester ...)">
                  </a> <!-- verifyJobSearchResultUsingDifferentDataSet(Automation Tester, HA1 1AB, up to 10 miles, 300, 400, Per day, Contract, Contract Automation Tester ...) -->
                  <span class="method-name">verifyJobSearchResultUsingDifferentDataSet</span>
                  <span class="parameters">(Automation Tester, HA1 1AB, up to 10 miles, 300, 400, Per day, Contract, Contract Automation Tester jobs in HA1 1AB)</span>
                  <div class="stack-trace">org.openqa.selenium.NoSuchElementException: no such element: Unable to locate element: {&quot;method&quot;:&quot;xpath&quot;,&quot;selector&quot;:&quot;//div[@class=&apos;search-header__title&apos;]&quot;}
  (Session info: chrome=101.0.4951.54)
For documentation on this error, please visit: https://selenium.dev/exceptions/#no_such_element
Build info: version: &apos;4.1.4&apos;, revision: &apos;535d840ee2&apos;
System info: host: &apos;LAPTOP-2IGPTO53&apos;, ip: &apos;192.168.0.105&apos;, os.name: &apos;Windows 10&apos;, os.arch: &apos;amd64&apos;, os.version: &apos;10.0&apos;, java.version: &apos;1.8.0_121&apos;
Driver info: org.openqa.selenium.chrome.ChromeDriver
Command: [f231bba5bb777b8a715d345c1c4467b4, findElement {using=xpath, value=//div[@class=&apos;search-header__title&apos;]}]
Capabilities {acceptInsecureCerts: false, browserName: chrome, browserVersion: 101.0.4951.54, chrome: {chromedriverVersion: 101.0.4951.41 (93c720db8323..., userDataDir: C:\Users\sonal\AppData\Loca...}, goog:chromeOptions: {debuggerAddress: localhost:52729}, javascriptEnabled: true, networkConnectionEnabled: false, pageLoadStrategy: normal, platform: WINDOWS, platformName: WINDOWS, proxy: Proxy(), se:cdp: ws://localhost:52729/devtoo..., se:cdpVersion: 101.0.4951.54, setWindowRect: true, strictFileInteractability: false, timeouts: {implicit: 0, pageLoad: 300000, script: 30000}, unhandledPromptBehavior: dismiss and notify, webauthn:extension:credBlob: true, webauthn:extension:largeBlob: true, webauthn:virtualAuthenticators: true}
Session ID: f231bba5bb777b8a715d345c1c4467b4
	at org.openqa.selenium.remote.codec.w3c.W3CHttpResponseCodec.createException(W3CHttpResponseCodec.java:200)
	at org.openqa.selenium.remote.codec.w3c.W3CHttpResponseCodec.decode(W3CHttpResponseCodec.java:133)
	at org.openqa.selenium.remote.codec.w3c.W3CHttpResponseCodec.decode(W3CHttpResponseCodec.java:53)
	at org.openqa.selenium.remote.HttpCommandExecutor.execute(HttpCommandExecutor.java:184)
	at org.openqa.selenium.remote.service.DriverCommandExecutor.invokeExecute(DriverCommandExecutor.java:167)
	at org.openqa.selenium.remote.service.DriverCommandExecutor.execute(DriverCommandExecutor.java:142)
	at org.openqa.selenium.remote.RemoteWebDriver.execute(RemoteWebDriver.java:567)
	at org.openqa.selenium.remote.ElementLocation$ElementFinder$2.findElement(ElementLocation.java:162)
	at org.openqa.selenium.remote.ElementLocation.findElement(ElementLocation.java:60)
	at org.openqa.selenium.remote.RemoteWebDriver.findElement(RemoteWebDriver.java:385)
	at org.openqa.selenium.remote.RemoteWebDriver.findElement(RemoteWebDriver.java:377)
	at org.openqa.selenium.support.pagefactory.DefaultElementLocator.findElement(DefaultElementLocator.java:70)
	at org.openqa.selenium.support.pagefactory.internal.LocatingElementHandler.invoke(LocatingElementHandler.java:39)
	at com.sun.proxy.$Proxy16.getText(Unknown Source)
	at uk.co.library.utility.Utility.getTextFromElement(Utility.java:78)
	at uk.co.library.pages.ResultPage.getSearchResultText(ResultPage.java:23)
	at uk.co.library.pages.ResultPage.verifyTheResults(ResultPage.java:29)
	at uk.co.library.testsuite.JobSearchTest.verifyJobSearchResultUsingDifferentDataSet(JobSearchTest.java:38)
	at java.util.ArrayList.forEach(ArrayList.java:1249)
	at com.intellij.rt.testng.IDEARemoteTestNG.run(IDEARemoteTestNG.java:66)
	at com.intellij.rt.testng.RemoteTestNGStarter.main(RemoteTestNGStarter.java:109)
... Removed 28 stack frames
</div> <!-- stack-trace -->
                </div> <!-- method-content -->
              </div> <!-- method -->
              <div class="method">
                <div class="method-content">
                  <a name="verifyJobSearchResultUsingDifferentDataSet(Tester, Harrow, up to 5 miles, 30000, 500000, Per annum, Permanent, Permanent Tester jobs in Harrow ...)">
                  </a> <!-- verifyJobSearchResultUsingDifferentDataSet(Tester, Harrow, up to 5 miles, 30000, 500000, Per annum, Permanent, Permanent Tester jobs in Harrow ...) -->
                  <span class="method-name">verifyJobSearchResultUsingDifferentDataSet</span>
                  <span class="parameters">(Tester, Harrow, up to 5 miles, 30000, 500000, Per annum, Permanent, Permanent Tester jobs in Harrow on the Hill)</span>
                  <div class="stack-trace">org.openqa.selenium.NoSuchElementException: no such element: Unable to locate element: {&quot;method&quot;:&quot;xpath&quot;,&quot;selector&quot;:&quot;//div[@class=&apos;search-header__title&apos;]&quot;}
  (Session info: chrome=101.0.4951.54)
For documentation on this error, please visit: https://selenium.dev/exceptions/#no_such_element
Build info: version: &apos;4.1.4&apos;, revision: &apos;535d840ee2&apos;
System info: host: &apos;LAPTOP-2IGPTO53&apos;, ip: &apos;192.168.0.105&apos;, os.name: &apos;Windows 10&apos;, os.arch: &apos;amd64&apos;, os.version: &apos;10.0&apos;, java.version: &apos;1.8.0_121&apos;
Driver info: org.openqa.selenium.chrome.ChromeDriver
Command: [b6b8108fba5c6223df1ae6ff0570dd74, findElement {using=xpath, value=//div[@class=&apos;search-header__title&apos;]}]
Capabilities {acceptInsecureCerts: false, browserName: chrome, browserVersion: 101.0.4951.54, chrome: {chromedriverVersion: 101.0.4951.41 (93c720db8323..., userDataDir: C:\Users\sonal\AppData\Loca...}, goog:chromeOptions: {debuggerAddress: localhost:59454}, javascriptEnabled: true, networkConnectionEnabled: false, pageLoadStrategy: normal, platform: WINDOWS, platformName: WINDOWS, proxy: Proxy(), se:cdp: ws://localhost:59454/devtoo..., se:cdpVersion: 101.0.4951.54, setWindowRect: true, strictFileInteractability: false, timeouts: {implicit: 0, pageLoad: 300000, script: 30000}, unhandledPromptBehavior: dismiss and notify, webauthn:extension:credBlob: true, webauthn:extension:largeBlob: true, webauthn:virtualAuthenticators: true}
Session ID: b6b8108fba5c6223df1ae6ff0570dd74
	at org.openqa.selenium.remote.codec.w3c.W3CHttpResponseCodec.createException(W3CHttpResponseCodec.java:200)
	at org.openqa.selenium.remote.codec.w3c.W3CHttpResponseCodec.decode(W3CHttpResponseCodec.java:133)
	at org.openqa.selenium.remote.codec.w3c.W3CHttpResponseCodec.decode(W3CHttpResponseCodec.java:53)
	at org.openqa.selenium.remote.HttpCommandExecutor.execute(HttpCommandExecutor.java:184)
	at org.openqa.selenium.remote.service.DriverCommandExecutor.invokeExecute(DriverCommandExecutor.java:167)
	at org.openqa.selenium.remote.service.DriverCommandExecutor.execute(DriverCommandExecutor.java:142)
	at org.openqa.selenium.remote.RemoteWebDriver.execute(RemoteWebDriver.java:567)
	at org.openqa.selenium.remote.ElementLocation$ElementFinder$2.findElement(ElementLocation.java:162)
	at org.openqa.selenium.remote.ElementLocation.findElement(ElementLocation.java:60)
	at org.openqa.selenium.remote.RemoteWebDriver.findElement(RemoteWebDriver.java:385)
	at org.openqa.selenium.remote.RemoteWebDriver.findElement(RemoteWebDriver.java:377)
	at org.openqa.selenium.support.pagefactory.DefaultElementLocator.findElement(DefaultElementLocator.java:70)
	at org.openqa.selenium.support.pagefactory.internal.LocatingElementHandler.invoke(LocatingElementHandler.java:39)
	at com.sun.proxy.$Proxy16.getText(Unknown Source)
	at uk.co.library.utility.Utility.getTextFromElement(Utility.java:78)
	at uk.co.library.pages.ResultPage.getSearchResultText(ResultPage.java:23)
	at uk.co.library.pages.ResultPage.verifyTheResults(ResultPage.java:29)
	at uk.co.library.testsuite.JobSearchTest.verifyJobSearchResultUsingDifferentDataSet(JobSearchTest.java:38)
	at java.util.ArrayList.forEach(ArrayList.java:1249)
	at com.intellij.rt.testng.IDEARemoteTestNG.run(IDEARemoteTestNG.java:66)
	at com.intellij.rt.testng.RemoteTestNGStarter.main(RemoteTestNGStarter.java:109)
... Removed 28 stack frames
</div> <!-- stack-trace -->
                </div> <!-- method-content -->
              </div> <!-- method -->
              <div class="method">
                <div class="method-content">
                  <a name="verifyJobSearchResultUsingDifferentDataSet(Retail Manager, Horley, up to 25 miles, 30000, 50000, Per annum, Permanent, Permanent Retail Manager...)">
                  </a> <!-- verifyJobSearchResultUsingDifferentDataSet(Retail Manager, Horley, up to 25 miles, 30000, 50000, Per annum, Permanent, Permanent Retail Manager...) -->
                  <span class="method-name">verifyJobSearchResultUsingDifferentDataSet</span>
                  <span class="parameters">(Retail Manager, Horley, up to 25 miles, 30000, 50000, Per annum, Permanent, Permanent Retail Manager jobs in Horley)</span>
                  <div class="stack-trace">org.openqa.selenium.NoSuchElementException: no such element: Unable to locate element: {&quot;method&quot;:&quot;xpath&quot;,&quot;selector&quot;:&quot;//div[@class=&apos;search-header__title&apos;]&quot;}
  (Session info: chrome=101.0.4951.54)
For documentation on this error, please visit: https://selenium.dev/exceptions/#no_such_element
Build info: version: &apos;4.1.4&apos;, revision: &apos;535d840ee2&apos;
System info: host: &apos;LAPTOP-2IGPTO53&apos;, ip: &apos;192.168.0.105&apos;, os.name: &apos;Windows 10&apos;, os.arch: &apos;amd64&apos;, os.version: &apos;10.0&apos;, java.version: &apos;1.8.0_121&apos;
Driver info: org.openqa.selenium.chrome.ChromeDriver
Command: [ac9d481f053b3bca58a9e16021f37c94, findElement {using=xpath, value=//div[@class=&apos;search-header__title&apos;]}]
Capabilities {acceptInsecureCerts: false, browserName: chrome, browserVersion: 101.0.4951.54, chrome: {chromedriverVersion: 101.0.4951.41 (93c720db8323..., userDataDir: C:\Users\sonal\AppData\Loca...}, goog:chromeOptions: {debuggerAddress: localhost:62850}, javascriptEnabled: true, networkConnectionEnabled: false, pageLoadStrategy: normal, platform: WINDOWS, platformName: WINDOWS, proxy: Proxy(), se:cdp: ws://localhost:62850/devtoo..., se:cdpVersion: 101.0.4951.54, setWindowRect: true, strictFileInteractability: false, timeouts: {implicit: 0, pageLoad: 300000, script: 30000}, unhandledPromptBehavior: dismiss and notify, webauthn:extension:credBlob: true, webauthn:extension:largeBlob: true, webauthn:virtualAuthenticators: true}
Session ID: ac9d481f053b3bca58a9e16021f37c94
	at org.openqa.selenium.remote.codec.w3c.W3CHttpResponseCodec.createException(W3CHttpResponseCodec.java:200)
	at org.openqa.selenium.remote.codec.w3c.W3CHttpResponseCodec.decode(W3CHttpResponseCodec.java:133)
	at org.openqa.selenium.remote.codec.w3c.W3CHttpResponseCodec.decode(W3CHttpResponseCodec.java:53)
	at org.openqa.selenium.remote.HttpCommandExecutor.execute(HttpCommandExecutor.java:184)
	at org.openqa.selenium.remote.service.DriverCommandExecutor.invokeExecute(DriverCommandExecutor.java:167)
	at org.openqa.selenium.remote.service.DriverCommandExecutor.execute(DriverCommandExecutor.java:142)
	at org.openqa.selenium.remote.RemoteWebDriver.execute(RemoteWebDriver.java:567)
	at org.openqa.selenium.remote.ElementLocation$ElementFinder$2.findElement(ElementLocation.java:162)
	at org.openqa.selenium.remote.ElementLocation.findElement(ElementLocation.java:60)
	at org.openqa.selenium.remote.RemoteWebDriver.findElement(RemoteWebDriver.java:385)
	at org.openqa.selenium.remote.RemoteWebDriver.findElement(RemoteWebDriver.java:377)
	at org.openqa.selenium.support.pagefactory.DefaultElementLocator.findElement(DefaultElementLocator.java:70)
	at org.openqa.selenium.support.pagefactory.internal.LocatingElementHandler.invoke(LocatingElementHandler.java:39)
	at com.sun.proxy.$Proxy16.getText(Unknown Source)
	at uk.co.library.utility.Utility.getTextFromElement(Utility.java:78)
	at uk.co.library.pages.ResultPage.getSearchResultText(ResultPage.java:23)
	at uk.co.library.pages.ResultPage.verifyTheResults(ResultPage.java:29)
	at uk.co.library.testsuite.JobSearchTest.verifyJobSearchResultUsingDifferentDataSet(JobSearchTest.java:38)
	at java.util.ArrayList.forEach(ArrayList.java:1249)
	at com.intellij.rt.testng.IDEARemoteTestNG.run(IDEARemoteTestNG.java:66)
	at com.intellij.rt.testng.RemoteTestNGStarter.main(RemoteTestNGStarter.java:109)
... Removed 28 stack frames
</div> <!-- stack-trace -->
                </div> <!-- method-content -->
              </div> <!-- method -->
              <div class="method">
                <div class="method-content">
                  <a name="verifyJobSearchResultUsingDifferentDataSet(Manual Software Tester, West Sussex, up to 7 miles, 30000, 60000, Per annum, Any, Manual Software Te...)">
                  </a> <!-- verifyJobSearchResultUsingDifferentDataSet(Manual Software Tester, West Sussex, up to 7 miles, 30000, 60000, Per annum, Any, Manual Software Te...) -->
                  <span class="method-name">verifyJobSearchResultUsingDifferentDataSet</span>
                  <span class="parameters">(Manual Software Tester, West Sussex, up to 7 miles, 30000, 60000, Per annum, Any, Manual Software Tester jobs in West Sussex)</span>
                  <div class="stack-trace">org.openqa.selenium.NoSuchElementException: no such element: Unable to locate element: {&quot;method&quot;:&quot;xpath&quot;,&quot;selector&quot;:&quot;//div[@class=&apos;search-header__title&apos;]&quot;}
  (Session info: chrome=101.0.4951.54)
For documentation on this error, please visit: https://selenium.dev/exceptions/#no_such_element
Build info: version: &apos;4.1.4&apos;, revision: &apos;535d840ee2&apos;
System info: host: &apos;LAPTOP-2IGPTO53&apos;, ip: &apos;192.168.0.105&apos;, os.name: &apos;Windows 10&apos;, os.arch: &apos;amd64&apos;, os.version: &apos;10.0&apos;, java.version: &apos;1.8.0_121&apos;
Driver info: org.openqa.selenium.chrome.ChromeDriver
Command: [07e57318e08eb92245f5804cef33c9d1, findElement {using=xpath, value=//div[@class=&apos;search-header__title&apos;]}]
Capabilities {acceptInsecureCerts: false, browserName: chrome, browserVersion: 101.0.4951.54, chrome: {chromedriverVersion: 101.0.4951.41 (93c720db8323..., userDataDir: C:\Users\sonal\AppData\Loca...}, goog:chromeOptions: {debuggerAddress: localhost:65443}, javascriptEnabled: true, networkConnectionEnabled: false, pageLoadStrategy: normal, platform: WINDOWS, platformName: WINDOWS, proxy: Proxy(), se:cdp: ws://localhost:65443/devtoo..., se:cdpVersion: 101.0.4951.54, setWindowRect: true, strictFileInteractability: false, timeouts: {implicit: 0, pageLoad: 300000, script: 30000}, unhandledPromptBehavior: dismiss and notify, webauthn:extension:credBlob: true, webauthn:extension:largeBlob: true, webauthn:virtualAuthenticators: true}
Session ID: 07e57318e08eb92245f5804cef33c9d1
	at org.openqa.selenium.remote.codec.w3c.W3CHttpResponseCodec.createException(W3CHttpResponseCodec.java:200)
	at org.openqa.selenium.remote.codec.w3c.W3CHttpResponseCodec.decode(W3CHttpResponseCodec.java:133)
	at org.openqa.selenium.remote.codec.w3c.W3CHttpResponseCodec.decode(W3CHttpResponseCodec.java:53)
	at org.openqa.selenium.remote.HttpCommandExecutor.execute(HttpCommandExecutor.java:184)
	at org.openqa.selenium.remote.service.DriverCommandExecutor.invokeExecute(DriverCommandExecutor.java:167)
	at org.openqa.selenium.remote.service.DriverCommandExecutor.execute(DriverCommandExecutor.java:142)
	at org.openqa.selenium.remote.RemoteWebDriver.execute(RemoteWebDriver.java:567)
	at org.openqa.selenium.remote.ElementLocation$ElementFinder$2.findElement(ElementLocation.java:162)
	at org.openqa.selenium.remote.ElementLocation.findElement(ElementLocation.java:60)
	at org.openqa.selenium.remote.RemoteWebDriver.findElement(RemoteWebDriver.java:385)
	at org.openqa.selenium.remote.RemoteWebDriver.findElement(RemoteWebDriver.java:377)
	at org.openqa.selenium.support.pagefactory.DefaultElementLocator.findElement(DefaultElementLocator.java:70)
	at org.openqa.selenium.support.pagefactory.internal.LocatingElementHandler.invoke(LocatingElementHandler.java:39)
	at com.sun.proxy.$Proxy16.getText(Unknown Source)
	at uk.co.library.utility.Utility.getTextFromElement(Utility.java:78)
	at uk.co.library.pages.ResultPage.getSearchResultText(ResultPage.java:23)
	at uk.co.library.pages.ResultPage.verifyTheResults(ResultPage.java:29)
	at uk.co.library.testsuite.JobSearchTest.verifyJobSearchResultUsingDifferentDataSet(JobSearchTest.java:38)
	at java.util.ArrayList.forEach(ArrayList.java:1249)
	at com.intellij.rt.testng.IDEARemoteTestNG.run(IDEARemoteTestNG.java:66)
	at com.intellij.rt.testng.RemoteTestNGStarter.main(RemoteTestNGStarter.java:109)
... Removed 28 stack frames
</div> <!-- stack-trace -->
                </div> <!-- method-content -->
              </div> <!-- method -->
            </div> <!-- main-panel-content rounded-window-bottom -->
          </div> <!-- suite-testsuite-class-failed -->
        </div> <!-- panel testsuite -->
        <div panel-name="test-xml-testsuite" class="panel">
          <div class="main-panel-header rounded-window-top">
            <span class="header-content">C:\Users\sonal\IdeaProjects\cv-library-uk2\src\test\java\resources\runners\testng.xml</span>
          </div> <!-- main-panel-header rounded-window-top -->
          <div class="main-panel-content rounded-window-bottom">
            <pre>
&lt;?xml version=&quot;1.0&quot; encoding=&quot;UTF-8&quot;?&gt;
&lt;!DOCTYPE suite SYSTEM &quot;https://testng.org/testng-1.0.dtd&quot;&gt;
&lt;suite guice-stage=&quot;DEVELOPMENT&quot; name=&quot;testsuite&quot;&gt;
  &lt;listeners&gt;
    &lt;listener class-name=&quot;uk.co.library.customlisteners.CustomListeners&quot;/&gt;
    &lt;listener class-name=&quot;org.uncommons.reportng.HTMLReporter&quot;/&gt;
    &lt;listener class-name=&quot;org.uncommons.reportng.JUnitXMLReporter&quot;/&gt;
  &lt;/listeners&gt;
  &lt;test thread-count=&quot;5&quot; name=&quot;Automation Test&quot;&gt;
    &lt;classes&gt;
      &lt;class name=&quot;uk.co.library.testsuite.JobSearchTest&quot;/&gt;
    &lt;/classes&gt;
  &lt;/test&gt; &lt;!-- Automation Test --&gt;
&lt;/suite&gt; &lt;!-- testsuite --&gt;
            </pre>
          </div> <!-- main-panel-content rounded-window-bottom -->
        </div> <!-- panel -->
        <div panel-name="testlist-testsuite" class="panel">
          <div class="main-panel-header rounded-window-top">
            <span class="header-content">Tests for testsuite</span>
          </div> <!-- main-panel-header rounded-window-top -->
          <div class="main-panel-content rounded-window-bottom">
            <ul>
              <li>
                <span class="test-name">Automation Test (1 class)</span>
              </li>
            </ul>
          </div> <!-- main-panel-content rounded-window-bottom -->
        </div> <!-- panel -->
        <div panel-name="group-testsuite" class="panel">
          <div class="main-panel-header rounded-window-top">
            <span class="header-content">Groups for testsuite</span>
          </div> <!-- main-panel-header rounded-window-top -->
          <div class="main-panel-content rounded-window-bottom">
          </div> <!-- main-panel-content rounded-window-bottom -->
        </div> <!-- panel -->
        <div panel-name="times-testsuite" class="panel">
          <div class="main-panel-header rounded-window-top">
            <span class="header-content">Times for testsuite</span>
          </div> <!-- main-panel-header rounded-window-top -->
          <div class="main-panel-content rounded-window-bottom">
            <div class="times-div">
              <script type="text/javascript">
suiteTableInitFunctions.push('tableData_testsuite');
function tableData_testsuite() {
var data = new google.visualization.DataTable();
data.addColumn('number', 'Number');
data.addColumn('string', 'Method');
data.addColumn('string', 'Class');
data.addColumn('number', 'Time (ms)');
data.addRows(7);
data.setCell(0, 0, 0)
data.setCell(0, 1, 'verifyJobSearchResultUsingDifferentDataSet')
data.setCell(0, 2, 'uk.co.library.testsuite.JobSearchTest')
data.setCell(0, 3, 22672);
data.setCell(1, 0, 1)
data.setCell(1, 1, 'verifyJobSearchResultUsingDifferentDataSet')
data.setCell(1, 2, 'uk.co.library.testsuite.JobSearchTest')
data.setCell(1, 3, 22504);
data.setCell(2, 0, 2)
data.setCell(2, 1, 'verifyJobSearchResultUsingDifferentDataSet')
data.setCell(2, 2, 'uk.co.library.testsuite.JobSearchTest')
data.setCell(2, 3, 22423);
data.setCell(3, 0, 3)
data.setCell(3, 1, 'verifyJobSearchResultUsingDifferentDataSet')
data.setCell(3, 2, 'uk.co.library.testsuite.JobSearchTest')
data.setCell(3, 3, 22252);
data.setCell(4, 0, 4)
data.setCell(4, 1, 'verifyJobSearchResultUsingDifferentDataSet')
data.setCell(4, 2, 'uk.co.library.testsuite.JobSearchTest')
data.setCell(4, 3, 22167);
data.setCell(5, 0, 5)
data.setCell(5, 1, 'verifyJobSearchResultUsingDifferentDataSet')
data.setCell(5, 2, 'uk.co.library.testsuite.JobSearchTest')
data.setCell(5, 3, 22163);
data.setCell(6, 0, 6)
data.setCell(6, 1, 'verifyJobSearchResultUsingDifferentDataSet')
data.setCell(6, 2, 'uk.co.library.testsuite.JobSearchTest')
data.setCell(6, 3, 22146);
window.suiteTableData['testsuite']= { tableData: data, tableDiv: 'times-div-testsuite'}
return data;
}
              </script>
              <span class="suite-total-time">Total running time: 2 minutes</span>
              <div id="times-div-testsuite">
              </div> <!-- times-div-testsuite -->
            </div> <!-- times-div -->
          </div> <!-- main-panel-content rounded-window-bottom -->
        </div> <!-- panel -->
        <div panel-name="reporter-testsuite" class="panel">
          <div class="main-panel-header rounded-window-top">
            <span class="header-content">Reporter output for testsuite</span>
          </div> <!-- main-panel-header rounded-window-top -->
          <div class="main-panel-content rounded-window-bottom">
            <div class="reporter-method-div">
              <span class="reporter-method-name">verifyJobSearchResultUsingDifferentDataSet(Tester, Watford, Hertfordshire, up to 5 miles, 40000, 60000, Per annum, Contract, Contract Tester jo...)</span>
              <div class="reporter-method-output-div">
                <span class="reporter-method-output">Enter Job Title : 'Tester' Job title field<br></span>
                <span class="reporter-method-output">Enter location : 'Watford, Hertfordshire' location field<br></span>
                <span class="reporter-method-output">Select Distance : 'up to 5 miles'distance field<br></span>
                <span class="reporter-method-output">Click on 'More Search Option' Link<br></span>
                <span class="reporter-method-output">Enter Minimum Salary : '40000'salary min field<br></span>
                <span class="reporter-method-output">Enter Maximum Salary : '60000'salary max field<br></span>
                <span class="reporter-method-output">Select Salary Type : 'Per annum'From Dropdown<br></span>
              </div> <!-- reporter-method-output-div -->
            </div> <!-- reporter-method-div -->
            <div class="reporter-method-div">
              <span class="reporter-method-name">verifyJobSearchResultUsingDifferentDataSet(Research Scientist, SS12 0NY, up to 10 miles, 400, 500, Per day, Contract, Contract Research Scienti...)</span>
              <div class="reporter-method-output-div">
                <span class="reporter-method-output">Enter Job Title : 'Research Scientist' Job title field<br></span>
                <span class="reporter-method-output">Enter location : 'SS12 0NY' location field<br></span>
                <span class="reporter-method-output">Select Distance : 'up to 10 miles'distance field<br></span>
                <span class="reporter-method-output">Click on 'More Search Option' Link<br></span>
                <span class="reporter-method-output">Enter Minimum Salary : '400'salary min field<br></span>
                <span class="reporter-method-output">Enter Maximum Salary : '500'salary max field<br></span>
                <span class="reporter-method-output">Select Salary Type : 'Per day'From Dropdown<br></span>
              </div> <!-- reporter-method-output-div -->
            </div> <!-- reporter-method-div -->
            <div class="reporter-method-div">
              <span class="reporter-method-name">verifyJobSearchResultUsingDifferentDataSet(Software Automation Tester, Harrow, up to 15 miles, 30000, 50000, Per annum, Contract, Contract Soft...)</span>
              <div class="reporter-method-output-div">
                <span class="reporter-method-output">Enter Job Title : 'Software Automation Tester' Job title field<br></span>
                <span class="reporter-method-output">Enter location : 'Harrow' location field<br></span>
                <span class="reporter-method-output">Select Distance : 'up to 15 miles'distance field<br></span>
                <span class="reporter-method-output">Click on 'More Search Option' Link<br></span>
                <span class="reporter-method-output">Enter Minimum Salary : '30000'salary min field<br></span>
                <span class="reporter-method-output">Enter Maximum Salary : '50000'salary max field<br></span>
                <span class="reporter-method-output">Select Salary Type : 'Per annum'From Dropdown<br></span>
              </div> <!-- reporter-method-output-div -->
            </div> <!-- reporter-method-div -->
            <div class="reporter-method-div">
              <span class="reporter-method-name">verifyJobSearchResultUsingDifferentDataSet(Automation Tester, HA1 1AB, up to 10 miles, 300, 400, Per day, Contract, Contract Automation Tester ...)</span>
              <div class="reporter-method-output-div">
                <span class="reporter-method-output">Enter Job Title : 'Automation Tester' Job title field<br></span>
                <span class="reporter-method-output">Enter location : 'HA1 1AB' location field<br></span>
                <span class="reporter-method-output">Select Distance : 'up to 10 miles'distance field<br></span>
                <span class="reporter-method-output">Click on 'More Search Option' Link<br></span>
                <span class="reporter-method-output">Enter Minimum Salary : '300'salary min field<br></span>
                <span class="reporter-method-output">Enter Maximum Salary : '400'salary max field<br></span>
                <span class="reporter-method-output">Select Salary Type : 'Per day'From Dropdown<br></span>
              </div> <!-- reporter-method-output-div -->
            </div> <!-- reporter-method-div -->
            <div class="reporter-method-div">
              <span class="reporter-method-name">verifyJobSearchResultUsingDifferentDataSet(Tester, Harrow, up to 5 miles, 30000, 500000, Per annum, Permanent, Permanent Tester jobs in Harrow ...)</span>
              <div class="reporter-method-output-div">
                <span class="reporter-method-output">Enter Job Title : 'Tester' Job title field<br></span>
                <span class="reporter-method-output">Enter location : 'Harrow' location field<br></span>
                <span class="reporter-method-output">Select Distance : 'up to 5 miles'distance field<br></span>
                <span class="reporter-method-output">Click on 'More Search Option' Link<br></span>
                <span class="reporter-method-output">Enter Minimum Salary : '30000'salary min field<br></span>
                <span class="reporter-method-output">Enter Maximum Salary : '500000'salary max field<br></span>
                <span class="reporter-method-output">Select Salary Type : 'Per annum'From Dropdown<br></span>
              </div> <!-- reporter-method-output-div -->
            </div> <!-- reporter-method-div -->
            <div class="reporter-method-div">
              <span class="reporter-method-name">verifyJobSearchResultUsingDifferentDataSet(Retail Manager, Horley, up to 25 miles, 30000, 50000, Per annum, Permanent, Permanent Retail Manager...)</span>
              <div class="reporter-method-output-div">
                <span class="reporter-method-output">Enter Job Title : 'Retail Manager' Job title field<br></span>
                <span class="reporter-method-output">Enter location : 'Horley' location field<br></span>
                <span class="reporter-method-output">Select Distance : 'up to 25 miles'distance field<br></span>
                <span class="reporter-method-output">Click on 'More Search Option' Link<br></span>
                <span class="reporter-method-output">Enter Minimum Salary : '30000'salary min field<br></span>
                <span class="reporter-method-output">Enter Maximum Salary : '50000'salary max field<br></span>
                <span class="reporter-method-output">Select Salary Type : 'Per annum'From Dropdown<br></span>
              </div> <!-- reporter-method-output-div -->
            </div> <!-- reporter-method-div -->
            <div class="reporter-method-div">
              <span class="reporter-method-name">verifyJobSearchResultUsingDifferentDataSet(Manual Software Tester, West Sussex, up to 7 miles, 30000, 60000, Per annum, Any, Manual Software Te...)</span>
              <div class="reporter-method-output-div">
                <span class="reporter-method-output">Enter Job Title : 'Manual Software Tester' Job title field<br></span>
                <span class="reporter-method-output">Enter location : 'West Sussex' location field<br></span>
                <span class="reporter-method-output">Select Distance : 'up to 7 miles'distance field<br></span>
                <span class="reporter-method-output">Click on 'More Search Option' Link<br></span>
                <span class="reporter-method-output">Enter Minimum Salary : '30000'salary min field<br></span>
                <span class="reporter-method-output">Enter Maximum Salary : '60000'salary max field<br></span>
                <span class="reporter-method-output">Select Salary Type : 'Per annum'From Dropdown<br></span>
              </div> <!-- reporter-method-output-div -->
            </div> <!-- reporter-method-div -->
          </div> <!-- main-panel-content rounded-window-bottom -->
        </div> <!-- panel -->
        <div panel-name="ignored-methods-testsuite" class="panel">
          <div class="main-panel-header rounded-window-top">
            <span class="header-content">0 ignored methods</span>
          </div> <!-- main-panel-header rounded-window-top -->
          <div class="main-panel-content rounded-window-bottom">
          </div> <!-- main-panel-content rounded-window-bottom -->
        </div> <!-- panel -->
        <div panel-name="chronological-testsuite" class="panel">
          <div class="main-panel-header rounded-window-top">
            <span class="header-content">Methods in chronological order</span>
          </div> <!-- main-panel-header rounded-window-top -->
          <div class="main-panel-content rounded-window-bottom">
            <div class="chronological-class">
              <div class="chronological-class-name">uk.co.library.testsuite.JobSearchTest</div> <!-- chronological-class-name -->
              <div class="configuration-method before">
                <span class="method-name">setUp</span>
                <span class="method-start">0 ms</span>
              </div> <!-- configuration-method before -->
              <div class="configuration-method before">
                <span class="method-name">initialize</span>
                <span class="method-start">4582 ms</span>
              </div> <!-- configuration-method before -->
              <div class="test-method">
                <img src="failed.png">
                </img>
                <span class="method-name">verifyJobSearchResultUsingDifferentDataSet(Tester, Harrow, up to 5 miles, 30000, 500000, Per annum, Permanent, Permanent Tester jobs in Harrow ...)</span>
                <span class="method-start">4621 ms</span>
              </div> <!-- test-method -->
              <div class="configuration-method after">
                <span class="method-name">tearDown</span>
                <span class="method-start">27585 ms</span>
              </div> <!-- configuration-method after -->
              <div class="configuration-method before">
                <span class="method-name">setUp</span>
                <span class="method-start">28393 ms</span>
              </div> <!-- configuration-method before -->
              <div class="configuration-method before">
                <span class="method-name">initialize</span>
                <span class="method-start">31634 ms</span>
              </div> <!-- configuration-method before -->
              <div class="test-method">
                <img src="failed.png">
                </img>
                <span class="method-name">verifyJobSearchResultUsingDifferentDataSet(Software Automation Tester, Harrow, up to 15 miles, 30000, 50000, Per annum, Contract, Contract Soft...)</span>
                <span class="method-start">31637 ms</span>
              </div> <!-- test-method -->
              <div class="configuration-method after">
                <span class="method-name">tearDown</span>
                <span class="method-start">54074 ms</span>
              </div> <!-- configuration-method after -->
              <div class="configuration-method before">
                <span class="method-name">setUp</span>
                <span class="method-start">54985 ms</span>
              </div> <!-- configuration-method before -->
              <div class="configuration-method before">
                <span class="method-name">initialize</span>
                <span class="method-start">58435 ms</span>
              </div> <!-- configuration-method before -->
              <div class="test-method">
                <img src="failed.png">
                </img>
                <span class="method-name">verifyJobSearchResultUsingDifferentDataSet(Manual Software Tester, West Sussex, up to 7 miles, 30000, 60000, Per annum, Any, Manual Software Te...)</span>
                <span class="method-start">58438 ms</span>
              </div> <!-- test-method -->
              <div class="configuration-method after">
                <span class="method-name">tearDown</span>
                <span class="method-start">80843 ms</span>
              </div> <!-- configuration-method after -->
              <div class="configuration-method before">
                <span class="method-name">setUp</span>
                <span class="method-start">81638 ms</span>
              </div> <!-- configuration-method before -->
              <div class="configuration-method before">
                <span class="method-name">initialize</span>
                <span class="method-start">84920 ms</span>
              </div> <!-- configuration-method before -->
              <div class="test-method">
                <img src="failed.png">
                </img>
                <span class="method-name">verifyJobSearchResultUsingDifferentDataSet(Retail Manager, Horley, up to 25 miles, 30000, 50000, Per annum, Permanent, Permanent Retail Manager...)</span>
                <span class="method-start">84922 ms</span>
              </div> <!-- test-method -->
              <div class="configuration-method after">
                <span class="method-name">tearDown</span>
                <span class="method-start">107312 ms</span>
              </div> <!-- configuration-method after -->
              <div class="configuration-method before">
                <span class="method-name">setUp</span>
                <span class="method-start">108083 ms</span>
              </div> <!-- configuration-method before -->
              <div class="configuration-method before">
                <span class="method-name">initialize</span>
                <span class="method-start">111268 ms</span>
              </div> <!-- configuration-method before -->
              <div class="test-method">
                <img src="failed.png">
                </img>
                <span class="method-name">verifyJobSearchResultUsingDifferentDataSet(Automation Tester, HA1 1AB, up to 10 miles, 300, 400, Per day, Contract, Contract Automation Tester ...)</span>
                <span class="method-start">111272 ms</span>
              </div> <!-- test-method -->
              <div class="configuration-method after">
                <span class="method-name">tearDown</span>
                <span class="method-start">133743 ms</span>
              </div> <!-- configuration-method after -->
              <div class="configuration-method before">
                <span class="method-name">setUp</span>
                <span class="method-start">134526 ms</span>
              </div> <!-- configuration-method before -->
              <div class="configuration-method before">
                <span class="method-name">initialize</span>
                <span class="method-start">137545 ms</span>
              </div> <!-- configuration-method before -->
              <div class="test-method">
                <img src="failed.png">
                </img>
                <span class="method-name">verifyJobSearchResultUsingDifferentDataSet(Research Scientist, SS12 0NY, up to 10 miles, 400, 500, Per day, Contract, Contract Research Scienti...)</span>
                <span class="method-start">137547 ms</span>
              </div> <!-- test-method -->
              <div class="configuration-method after">
                <span class="method-name">tearDown</span>
                <span class="method-start">160288 ms</span>
              </div> <!-- configuration-method after -->
              <div class="configuration-method before">
                <span class="method-name">setUp</span>
                <span class="method-start">161066 ms</span>
              </div> <!-- configuration-method before -->
              <div class="configuration-method before">
                <span class="method-name">initialize</span>
                <span class="method-start">163806 ms</span>
              </div> <!-- configuration-method before -->
              <div class="test-method">
                <img src="failed.png">
                </img>
                <span class="method-name">verifyJobSearchResultUsingDifferentDataSet(Tester, Watford, Hertfordshire, up to 5 miles, 40000, 60000, Per annum, Contract, Contract Tester jo...)</span>
                <span class="method-start">163808 ms</span>
              </div> <!-- test-method -->
              <div class="configuration-method after">
                <span class="method-name">tearDown</span>
                <span class="method-start">186477 ms</span>
              </div> <!-- configuration-method after -->
          </div> <!-- main-panel-content rounded-window-bottom -->
        </div> <!-- panel -->
      </div> <!-- main-panel-root -->
    </div> <!-- wrapper -->
  </body>
<script type="text/javascript" src="testng-reports2.js"></script>
</html>
